2025-11-12T05:28:37.435Z INFO SharedStateManager initialized
2025-11-12T05:28:37.436Z INFO Is remote: false
2025-11-12T05:28:37.436Z INFO Starting Local. Installation path: f:\Informatica_chat_box\Informatica_ChatBot
2025-11-12T05:28:37.437Z INFO [MainProvider] Creating new MainProvider instance...
2025-11-12T05:28:37.438Z INFO Installation path exists: f:\Informatica_chat_box\Informatica_ChatBot
2025-11-12T05:28:37.438Z INFO Initializing database with URL: file:f:\Informatica_chat_box\Informatica_ChatBot\pythagora-core\data\database\pythagora.db
2025-11-12T05:28:37.441Z INFO Database file exists, skipping prisma generate/push for faster startup
2025-11-12T05:28:37.441Z INFO Database initialized successfully
2025-11-12T05:28:37.441Z INFO [Migration] Checking for database migration...
2025-11-12T05:28:37.847Z INFO [Migration] No migration needed
2025-11-12T05:28:37.886Z INFO Starting right sidebar creation...
2025-11-12T05:28:37.887Z INFO Initializing MainProvider...
2025-11-12T05:28:37.887Z INFO Updating user profile...
2025-11-12T05:28:39.738Z INFO Creating right panel...
2025-11-12T05:28:39.739Z INFO Creating right panel...
2025-11-12T05:28:39.739Z INFO Closing all existing tabs...
2025-11-12T05:28:39.740Z INFO Right panel webview created
2025-11-12T05:28:39.742Z INFO Right panel HTML set successfully
2025-11-12T05:28:39.743Z INFO Right panel setup completed
2025-11-12T05:28:39.743Z INFO Setting up right panel dependencies...
2025-11-12T05:28:39.764Z INFO Right panel dependencies setup complete, waiting for ready signal...
2025-11-12T05:28:40.454Z INFO MainProvider handleMessage {"command":"rightPanelReady","data":{},"source":"right"}
2025-11-12T05:28:40.455Z INFO Routing rightPanelReady through new unified router from right
2025-11-12T05:28:40.455Z INFO [Message Router] Routing rightPanelReady through unified router
2025-11-12T05:28:40.511Z INFO MainProvider handleMessage {"command":"getProjects","data":{},"source":"right"}
2025-11-12T05:28:40.512Z INFO Routing getProjects through new unified router from right
2025-11-12T05:28:40.512Z INFO [Message Router] Routing getProjects through unified router
2025-11-12T05:28:40.517Z INFO MainProvider handleMessage {"command":"getDeployments","data":{},"source":"right"}
2025-11-12T05:28:40.517Z INFO Routing getDeployments through new unified router from right
2025-11-12T05:28:40.518Z INFO [Message Router] Routing getDeployments through unified router
2025-11-12T05:28:40.530Z INFO MainProvider handleMessage {"command":"rightBarRendered","data":"","source":"right"}
2025-11-12T05:28:40.531Z INFO Right panel setup completed successfully
2025-11-12T05:28:40.532Z INFO Right panel created via MainProvider
2025-11-12T05:28:40.533Z INFO MainProvider handleMessage {"command":"checkEnv","data":"","source":"right"}
2025-11-12T05:28:41.635Z INFO Successfully posted projects to Pythagora API
2025-11-12T05:28:44.579Z INFO MainProvider handleMessage {"command":"workspaceSwitchResponse","choice":"No","source":"right"}
2025-11-12T05:28:44.580Z ERROR Main provider received unknown message:
Context: {
  "command": "workspaceSwitchResponse",
  "choice": "No",
  "source": "right"
}
2025-11-12T05:28:44.594Z INFO Right panel disposed, triggering cleanup...
2025-11-12T05:28:44.595Z INFO Right panel disposed, cleaning up...
2025-11-12T05:28:47.101Z INFO MainProvider handleMessage {"command":"coreExited","route":"broadcast"}
2025-11-12T05:28:47.101Z INFO Routing coreExited through new unified router from unknown
2025-11-12T05:28:47.102Z INFO [Message Router] Routing coreExited through unified router
2025-11-12T05:28:47.103Z INFO Closing entire Pythagora extension...
2025-11-12T05:28:47.112Z INFO Pythagora extension closed
2025-11-12T05:28:47.145Z INFO Left sidebar became visible, creating right panel...
2025-11-12T05:28:47.146Z INFO Starting right sidebar creation...
2025-11-12T05:28:47.146Z INFO Initializing MainProvider...
2025-11-12T05:28:47.147Z INFO Updating user profile...
2025-11-12T05:28:49.027Z INFO Creating right panel...
2025-11-12T05:28:49.027Z INFO Creating right panel...
2025-11-12T05:28:49.028Z INFO Closing all existing tabs...
2025-11-12T05:28:49.028Z INFO Right panel webview created
2025-11-12T05:28:49.029Z INFO Right panel HTML set successfully
2025-11-12T05:28:49.030Z INFO Right panel setup completed
2025-11-12T05:28:49.030Z INFO Setting up right panel dependencies...
2025-11-12T05:28:49.043Z INFO Right panel dependencies setup complete, waiting for ready signal...
2025-11-12T05:28:49.901Z INFO MainProvider handleMessage {"command":"rightPanelReady","data":{},"source":"right"}
2025-11-12T05:28:49.901Z INFO Routing rightPanelReady through new unified router from right
2025-11-12T05:28:49.902Z INFO [Message Router] Routing rightPanelReady through unified router
2025-11-12T05:28:49.964Z INFO MainProvider handleMessage {"command":"getProjects","data":{},"source":"right"}
2025-11-12T05:28:49.965Z INFO Routing getProjects through new unified router from right
2025-11-12T05:28:49.966Z INFO [Message Router] Routing getProjects through unified router
2025-11-12T05:28:49.968Z INFO MainProvider handleMessage {"command":"getDeployments","data":{},"source":"right"}
2025-11-12T05:28:49.969Z INFO Routing getDeployments through new unified router from right
2025-11-12T05:28:49.969Z INFO [Message Router] Routing getDeployments through unified router
2025-11-12T05:28:49.984Z INFO MainProvider handleMessage {"command":"rightBarRendered","data":"","source":"right"}
2025-11-12T05:28:49.985Z INFO Right panel setup completed successfully
2025-11-12T05:28:49.986Z INFO Right panel created via MainProvider
2025-11-12T05:28:49.987Z INFO MainProvider handleMessage {"command":"checkEnv","data":"","source":"right"}
2025-11-12T05:28:51.064Z INFO Successfully posted projects to Pythagora API
2025-11-12T05:28:52.579Z INFO MainProvider handleMessage {"command":"workspaceSwitchResponse","choice":"Yes","source":"right"}
2025-11-12T05:28:52.579Z ERROR Main provider received unknown message:
Context: {
  "command": "workspaceSwitchResponse",
  "choice": "Yes",
  "source": "right"
}
2025-11-12T05:28:52.735Z INFO Closing entire Pythagora extension...
2025-11-12T05:28:52.736Z INFO Right panel disposed, triggering cleanup...
2025-11-12T05:28:52.736Z INFO Right panel disposed, cleaning up...
2025-11-12T05:28:52.755Z ERROR Error closing extension
Error: Canceled
Stack: Canceled: Canceled
    at new MR (file:///c:/Users/Genufy/AppData/Local/Programs/Microsoft%20VS%20Code/resources/app/out/vs/workbench/api/node/extensionHostProcess.js:29:116391)
    at U4.U (file:///c:/Users/Genufy/AppData/Local/Programs/Microsoft%20VS%20Code/resources/app/out/vs/workbench/api/node/extensionHostProcess.js:29:121001)
    at Proxy.s.<computed>.n.charCodeAt.s.<computed> (file:///c:/Users/Genufy/AppData/Local/Programs/Microsoft%20VS%20Code/resources/app/out/vs/workbench/api/node/extensionHostProcess.js:29:118495)
    at iy.g (file:///c:/Users/Genufy/AppData/Local/Programs/Microsoft%20VS%20Code/resources/app/out/vs/workbench/api/node/extensionHostProcess.js:114:41101)
    at iy.executeCommand (file:///c:/Users/Genufy/AppData/Local/Programs/Microsoft%20VS%20Code/resources/app/out/vs/workbench/api/node/extensionHostProcess.js:114:40605)
    at Object.executeCommand (file:///c:/Users/Genufy/AppData/Local/Programs/Microsoft%20VS%20Code/resources/app/out/vs/workbench/api/node/extensionHostProcess.js:201:105071)
    at closeEntirePythagoraExtension (c:\Users\Genufy\.vscode\extensions\pythagoratechnologies.pythagora-vs-code-2.5.32\out\extension.js:536:31)
    at Object.deactivate (c:\Users\Genufy\.vscode\extensions\pythagoratechnologies.pythagora-vs-code-2.5.32\out\extension.js:427:15)
    at SZ.eb (file:///c:/Users/Genufy/AppData/Local/Programs/Microsoft%20VS%20Code/resources/app/out/vs/workbench/api/node/extensionHostProcess.js:118:11797)
    at file:///c:/Users/Genufy/AppData/Local/Programs/Microsoft%20VS%20Code/resources/app/out/vs/workbench/api/node/extensionHostProcess.js:118:9947
    at Array.map (<anonymous>)
    at SZ.$ (file:///c:/Users/Genufy/AppData/Local/Programs/Microsoft%20VS%20Code/resources/app/out/vs/workbench/api/node/extensionHostProcess.js:118:9935)
    at SZ.terminate (file:///c:/Users/Genufy/AppData/Local/Programs/Microsoft%20VS%20Code/resources/app/out/vs/workbench/api/node/extensionHostProcess.js:118:10178)
    at H3.terminate (file:///c:/Users/Genufy/AppData/Local/Programs/Microsoft%20VS%20Code/resources/app/out/vs/workbench/api/node/extensionHostProcess.js:120:914)
    at Ss (file:///c:/Users/Genufy/AppData/Local/Programs/Microsoft%20VS%20Code/resources/app/out/vs/workbench/api/node/extensionHostProcess.js:393:10409)
    at MessagePortMain.<anonymous> (file:///c:/Users/Genufy/AppData/Local/Programs/Microsoft%20VS%20Code/resources/app/out/vs/workbench/api/node/extensionHostProcess.js:393:6948)
    at MessagePortMain.emit (node:events:519:28)
    at MessagePortMain.emit (node:domain:489:12)
    at Object.MessagePortMain._internalPort.emit (node:electron/js2c/utility_init:2:2949)
    at Object.topLevelDomainCallback (node:domain:161:15)
    at Object.callbackTrampoline (node:internal/async_hooks:128:24)
Extra context: {
  "message": "Canceled"
}
